Going to remove wagtaildockeralpinesmall_wagtail_1
Are you sure? [yN] Traceback (most recent call last):
  File "<string>", line 3, in <module>
  File "/code/compose/cli/main.py", line 55, in main
  File "/code/compose/cli/docopt_command.py", line 23, in sys_dispatch
  File "/code/compose/cli/docopt_command.py", line 26, in dispatch
  File "/code/compose/cli/main.py", line 174, in perform_command
  File "/code/compose/cli/main.py", line 422, in rm
  File "/code/compose/cli/utils.py", line 26, in yesno
IOError: [Errno 9] Bad file descriptor
docker-compose returned -1
Linux
Starting wagtaildockeralpinesmall_wagtail_1
Attaching to wagtaildockeralpinesmall_wagtail_1
[36mwagtail_1 | [0mOperations to perform:
[36mwagtail_1 | [0m  Apply all migrations: wagtailusers, wagtailembeds, wagtailadmin, sessions, admin, wagtailcore, auth, contenttypes, wagtaildocs, taggit, wagtailsearch, home, wagtailforms, wagtailredirects, wagtailimages
[36mwagtail_1 | [0mRunning migrations:
[36mwagtail_1 | [0m  No migrations to apply.
[36mwagtail_1 | [0m/usr/lib/python2.7/site-packages/django/core/management/base.py:265: RemovedInDjango110Warning: OptionParser usage for Django management commands is deprecated, use ArgumentParser instead
[36mwagtail_1 | [0m  RemovedInDjango110Warning)
[36mwagtail_1 | [0m
[36mwagtail_1 | [0mUpdating backend: default
[36mwagtail_1 | [0mdefault: Backend doesn't support rebuild. Skipping
[36mwagtail_1 | [0mPerforming system checks...
[36mwagtail_1 | [0m
